[
  structure_item (transpile/option_match.ml[1,0+0]..[3,26+19])
    Pstr_type Rec
    [
      type_declaration "question" (transpile/option_match.ml[1,0+5]..[1,0+13]) (transpile/option_match.ml[1,0+0]..[3,26+19])
        ptype_params =
          []
        ptype_cstrs =
          []
        ptype_kind =
          Ptype_variant
            [
              (transpile/option_match.ml[2,16+2]..[2,16+9])
                "Never" (transpile/option_match.ml[2,16+4]..[2,16+9])
                []
                None
              (transpile/option_match.ml[3,26+2]..[3,26+19])
                "Maybe" (transpile/option_match.ml[3,26+4]..[3,26+9])
                [
                  core_type (transpile/option_match.ml[3,26+13]..[3,26+19])
                    Ptyp_constr "string" (transpile/option_match.ml[3,26+13]..[3,26+19])
                    []
                ]
                None
            ]
        ptype_private = Public
        ptype_manifest =
          None
    ]
  structure_item (transpile/option_match.ml[5,47+0]..[8,106+33])
    Pstr_value Nonrec
    [
      <def>
        pattern (transpile/option_match.ml[5,47+4]..[5,47+8])
          Ppat_var "test" (transpile/option_match.ml[5,47+4]..[5,47+8])
        expression (transpile/option_match.ml[5,47+9]..[8,106+33]) ghost
          Pexp_fun
          Nolabel
          None
          pattern (transpile/option_match.ml[5,47+9]..[5,47+10])
            Ppat_var "o" (transpile/option_match.ml[5,47+9]..[5,47+10])
          expression (transpile/option_match.ml[6,60+2]..[8,106+33])
            Pexp_match
            expression (transpile/option_match.ml[6,60+8]..[6,60+9])
              Pexp_ident "o" (transpile/option_match.ml[6,60+8]..[6,60+9])
            [
              <case>
                pattern (transpile/option_match.ml[7,75+4]..[7,75+11])
                  Ppat_construct "Maybe" (transpile/option_match.ml[7,75+4]..[7,75+9])
                  Some
                    []
                    pattern (transpile/option_match.ml[7,75+10]..[7,75+11])
                      Ppat_var "s" (transpile/option_match.ml[7,75+10]..[7,75+11])
                expression (transpile/option_match.ml[7,75+15]..[7,75+30])
                  Pexp_apply
                  expression (transpile/option_match.ml[7,75+15]..[7,75+28])
                    Pexp_ident "print_endline" (transpile/option_match.ml[7,75+15]..[7,75+28])
                  [
                    <arg>
                    Nolabel
                      expression (transpile/option_match.ml[7,75+29]..[7,75+30])
                        Pexp_ident "s" (transpile/option_match.ml[7,75+29]..[7,75+30])
                  ]
              <case>
                pattern (transpile/option_match.ml[8,106+4]..[8,106+9])
                  Ppat_construct "Never" (transpile/option_match.ml[8,106+4]..[8,106+9])
                  None
                expression (transpile/option_match.ml[8,106+13]..[8,106+33])
                  Pexp_apply
                  expression (transpile/option_match.ml[8,106+13]..[8,106+26])
                    Pexp_ident "print_endline" (transpile/option_match.ml[8,106+13]..[8,106+26])
                  [
                    <arg>
                    Nolabel
                      expression (transpile/option_match.ml[8,106+27]..[8,106+33])
                        Pexp_constant PConst_string("None",(transpile/option_match.ml[8,106+28]..[8,106+32]),None)
                  ]
            ]
    ]
  structure_item (transpile/option_match.ml[11,144+0]..[13,178+8])
    Pstr_value Nonrec
    [
      <def>
        pattern (transpile/option_match.ml[11,144+4]..[11,144+5])
          Ppat_any
        expression (transpile/option_match.ml[12,152+2]..[13,178+8])
          Pexp_let Nonrec
          [
            <def>
              pattern (transpile/option_match.ml[12,152+6]..[12,152+7])
                Ppat_var "t" (transpile/option_match.ml[12,152+6]..[12,152+7])
              expression (transpile/option_match.ml[12,152+10]..[12,152+22])
                Pexp_construct "Maybe" (transpile/option_match.ml[12,152+10]..[12,152+15])
                Some
                  expression (transpile/option_match.ml[12,152+16]..[12,152+22])
                    Pexp_constant PConst_string("test",(transpile/option_match.ml[12,152+17]..[12,152+21]),None)
          ]
          expression (transpile/option_match.ml[13,178+2]..[13,178+8])
            Pexp_apply
            expression (transpile/option_match.ml[13,178+2]..[13,178+6])
              Pexp_ident "test" (transpile/option_match.ml[13,178+2]..[13,178+6])
            [
              <arg>
              Nolabel
                expression (transpile/option_match.ml[13,178+7]..[13,178+8])
                  Pexp_ident "t" (transpile/option_match.ml[13,178+7]..[13,178+8])
            ]
    ]
]

